{"C:\\Users\\nainc\\Documents\\Front End\\Namaste React\\src\\components\\Login.jsx": {"path":"C:\\Users\\nainc\\Documents\\Front End\\Namaste React\\src\\components\\Login.jsx","statementMap":{"0":{"start":{"line":1,"column":14},"end":{"line":15,"column":1}},"1":{"start":{"line":2,"column":4},"end":{"line":14,"column":5}}},"fnMap":{"0":{"name":"(anonymous_0)","decl":{"start":{"line":1,"column":14},"end":{"line":1,"column":15}},"loc":{"start":{"line":1,"column":20},"end":{"line":15,"column":1}},"line":1}},"branchMap":{},"s":{"0":1,"1":3},"f":{"0":3},"b":{},"_coverageSchema":"1a1c01bbd47fc00a2c39e90264f33305004495a9","hash":"a2d01f6a9b44c772d78baf1977f0042bd66c4edd"}
}
